<?xml version="1.0" encoding="UTF-8"?>
<!-- Generated by org.testng.reporters.JUnitReportReporter -->
<testsuite hostname="DESKTOP-51IHJJ6" failures="0" tests="2" name="com.automationtalks.demoproject1.testclass1" time="9.172" errors="0" timestamp="2021-08-10T16:46:05 ICT" skipped="0">
  <testcase classname="com.automationtalks.demoproject1.testclass1" name="test1" time="4.448"/>
  <system-out/>
  <testcase classname="com.automationtalks.demoproject1.testclass1" name="Test2" time="4.724"/>
  <system-out/>
</testsuite> <!-- com.automationtalks.demoproject1.testclass1 -->
