<?xml version="1.0" encoding="UTF-8"?>
<!-- Generated by org.testng.reporters.JUnitReportReporter -->
<testsuite hostname="DESKTOP-51IHJJ6" failures="0" tests="2" name="com.automationtalks.demoproject1.testclass1" time="13.846" errors="0" timestamp="11 Aug 2021 02:41:27 GMT">
  <testcase classname="com.automationtalks.demoproject1.testclass1" name="Test2" time="8.488"/>
  <testcase classname="com.automationtalks.demoproject1.testclass1" name="test1" time="5.358"/>
</testsuite> <!-- com.automationtalks.demoproject1.testclass1 -->
